<?xml version="1.0" encoding="UTF-8"?>
<testng-results skipped="0" failed="0" ignored="0" total="1" passed="1">
  <reporter-output>
  </reporter-output>
  <suite name="TrivagoHotelSearch" duration-ms="46391" started-at="2020-09-23T15:30:28Z" finished-at="2020-09-23T15:31:15Z">
    <groups>
    </groups>
    <test name="TrivagoHotelSearchapp Test" duration-ms="46391" started-at="2020-09-23T15:30:28Z" finished-at="2020-09-23T15:31:15Z">
      <class name="com.trivago.testcases.TC_SelectfromHotelList_002">
        <test-method status="PASS" signature="setUp(java.lang.String)[pri:0, instance:com.trivago.testcases.TC_SelectfromHotelList_002@685cb137]" name="setUp" is-config="true" duration-ms="26653" started-at="2020-09-23T15:30:29Z" finished-at="2020-09-23T15:30:55Z">
          <params>
            <param index="0">
              <value>
                <![CDATA[chrome]]>
              </value>
            </param>
          </params>
          <reporter-output>
          </reporter-output>
        </test-method> <!-- setUp -->
        <test-method status="PASS" signature="sortHotels()[pri:0, instance:com.trivago.testcases.TC_SelectfromHotelList_002@685cb137]" name="sortHotels" duration-ms="17363" started-at="2020-09-23T15:30:55Z" finished-at="2020-09-23T15:31:13Z">
          <reporter-output>
          </reporter-output>
        </test-method> <!-- sortHotels -->
        <test-method status="PASS" signature="tearDown()[pri:0, instance:com.trivago.testcases.TC_SelectfromHotelList_002@685cb137]" name="tearDown" is-config="true" duration-ms="1775" started-at="2020-09-23T15:31:13Z" finished-at="2020-09-23T15:31:15Z">
          <reporter-output>
          </reporter-output>
        </test-method> <!-- tearDown -->
      </class> <!-- com.trivago.testcases.TC_SelectfromHotelList_002 -->
    </test> <!-- TrivagoHotelSearchapp Test -->
  </suite> <!-- TrivagoHotelSearch -->
</testng-results>
